<?xml version="1.0" encoding="UTF-8"?>
<!-- Generated by org.testng.reporters.JUnitReportReporter -->
<testsuite hostname="22ac68b15840" failures="0" tests="2" name="com.example.SampleTest" time="0.009" errors="0" timestamp="2025-04-22T16:57:53 UTC" skipped="0">
  <testcase classname="com.example.SampleTest" name="testAddition" time="0.008"/>
  <testcase classname="com.example.SampleTest" name="testString" time="0.001"/>
</testsuite> <!-- com.example.SampleTest -->
